# JRE version: Java(TM) SE Runtime Environment (8.0_192-b12) (build 1.8.0_192-b12)
# Java VM: Java HotSpot(TM) 64-Bit Server VM (25.192-b12 mixed mode windows-amd64 compressed oops)
Heap:
 PSYoungGen      total 32768K, used 29969K [0x00000000d6200000, 0x00000000d9680000, 0x0000000100000000)
  eden space 31232K, 91% used [0x00000000d6200000,0x00000000d7dd18f8,0x00000000d8080000)
  from space 1536K, 96% used [0x00000000d8100000,0x00000000d8272e00,0x00000000d8280000)
  to   space 11264K, 0% used [0x00000000d8b80000,0x00000000d8b80000,0x00000000d9680000)
 ParOldGen       total 46080K, used 7943K [0x0000000082600000, 0x0000000085300000, 0x00000000d6200000)
  object space 46080K, 17% used [0x0000000082600000,0x0000000082dc1e88,0x0000000085300000)
 Metaspace       used 22073K, capacity 22612K, committed 22704K, reserved 1069056K
  class space    used 2383K, capacity 2526K, committed 2560K, reserved 1048576K
GC Heap History (10 events):
Event: 10.247 GC heap before
{Heap before GC invocations=4 (full 0):
 PSYoungGen      total 37888K, used 14877K [0x00000000d6200000, 0x00000000d8c00000, 0x0000000100000000)
  eden space 32768K, 29% used [0x00000000d6200000,0x00000000d6b89348,0x00000000d8200000)
  from space 5120K, 99% used [0x00000000d8200000,0x00000000d86fe298,0x00000000d8700000)
  to   space 5120K, 0% used [0x00000000d8700000,0x00000000d8700000,0x00000000d8c00000)
 ParOldGen       total 86016K, used 6849K [0x0000000082600000, 0x0000000087a00000, 0x00000000d6200000)
  object space 86016K, 7% used [0x0000000082600000,0x0000000082cb06f8,0x0000000087a00000)
 Metaspace       used 20712K, capacity 21134K, committed 21296K, reserved 1069056K
  class space    used 2256K, capacity 2365K, committed 2432K, reserved 1048576K
Event: 10.253 GC heap after
Heap after GC invocations=4 (full 0):
 PSYoungGen      total 37888K, used 5100K [0x00000000d6200000, 0x00000000d8c00000, 0x0000000100000000)
  eden space 32768K, 0% used [0x00000000d6200000,0x00000000d6200000,0x00000000d8200000)
  from space 5120K, 99% used [0x00000000d8700000,0x00000000d8bfb3b8,0x00000000d8c00000)
  to   space 5120K, 0% used [0x00000000d8200000,0x00000000d8200000,0x00000000d8700000)
 ParOldGen       total 86016K, used 7310K [0x0000000082600000, 0x0000000087a00000, 0x00000000d6200000)
  object space 86016K, 8% used [0x0000000082600000,0x0000000082d23868,0x0000000087a00000)
 Metaspace       used 20712K, capacity 21134K, committed 21296K, reserved 1069056K
  class space    used 2256K, capacity 2365K, committed 2432K, reserved 1048576K
}
Event: 10.253 GC heap before
{Heap before GC invocations=5 (full 1):
 PSYoungGen      total 37888K, used 5100K [0x00000000d6200000, 0x00000000d8c00000, 0x0000000100000000)
  eden space 32768K, 0% used [0x00000000d6200000,0x00000000d6200000,0x00000000d8200000)
  from space 5120K, 99% used [0x00000000d8700000,0x00000000d8bfb3b8,0x00000000d8c00000)
  to   space 5120K, 0% used [0x00000000d8200000,0x00000000d8200000,0x00000000d8700000)
 ParOldGen       total 86016K, used 7310K [0x0000000082600000, 0x0000000087a00000, 0x00000000d6200000)
  object space 86016K, 8% used [0x0000000082600000,0x0000000082d23868,0x0000000087a00000)
 Metaspace       used 20712K, capacity 21134K, committed 21296K, reserved 1069056K
  class space    used 2256K, capacity 2365K, committed 2432K, reserved 1048576K
Event: 10.291 GC heap after
Heap after GC invocations=5 (full 1):
 PSYoungGen      total 37888K, used 0K [0x00000000d6200000, 0x00000000d8c00000, 0x0000000100000000)
  eden space 32768K, 0% used [0x00000000d6200000,0x00000000d6200000,0x00000000d8200000)
  from space 5120K, 0% used [0x00000000d8700000,0x00000000d8700000,0x00000000d8c00000)
  to   space 5120K, 0% used [0x00000000d8200000,0x00000000d8200000,0x00000000d8700000)
 ParOldGen       total 46080K, used 7919K [0x0000000082600000, 0x0000000085300000, 0x00000000d6200000)
  object space 46080K, 17% used [0x0000000082600000,0x0000000082dbbe88,0x0000000085300000)
 Metaspace       used 20712K, capacity 21134K, committed 21296K, reserved 1069056K
  class space    used 2256K, capacity 2365K, committed 2432K, reserved 1048576K
}
Event: 3697.392 GC heap before
{Heap before GC invocations=6 (full 1):
 PSYoungGen      total 37888K, used 32768K [0x00000000d6200000, 0x00000000d8c00000, 0x0000000100000000)
  eden space 32768K, 100% used [0x00000000d6200000,0x00000000d8200000,0x00000000d8200000)
  from space 5120K, 0% used [0x00000000d8700000,0x00000000d8700000,0x00000000d8c00000)
  to   space 5120K, 0% used [0x00000000d8200000,0x00000000d8200000,0x00000000d8700000)
 ParOldGen       total 46080K, used 7919K [0x0000000082600000, 0x0000000085300000, 0x00000000d6200000)
  object space 46080K, 17% used [0x0000000082600000,0x0000000082dbbe88,0x0000000085300000)
 Metaspace       used 21685K, capacity 22142K, committed 22448K, reserved 1069056K
  class space    used 2360K, capacity 2485K, committed 2560K, reserved 1048576K
Event: 3701.468 GC heap after
Heap after GC invocations=6 (full 1):
 PSYoungGen      total 37376K, used 2138K [0x00000000d6200000, 0x00000000d9780000, 0x0000000100000000)
  eden space 32256K, 0% used [0x00000000d6200000,0x00000000d6200000,0x00000000d8180000)
  from space 5120K, 41% used [0x00000000d8200000,0x00000000d8416a58,0x00000000d8700000)
  to   space 11264K, 0% used [0x00000000d8c80000,0x00000000d8c80000,0x00000000d9780000)
 ParOldGen       total 46080K, used 7927K [0x0000000082600000, 0x0000000085300000, 0x00000000d6200000)
  object space 46080K, 17% used [0x0000000082600000,0x0000000082dbde88,0x0000000085300000)
 Metaspace       used 21685K, capacity 22142K, committed 22448K, reserved 1069056K
  class space    used 2360K, capacity 2485K, committed 2560K, reserved 1048576K
}
Event: 7203.915 GC heap before
{Heap before GC invocations=7 (full 1):
 PSYoungGen      total 37376K, used 34304K [0x00000000d6200000, 0x00000000d9780000, 0x0000000100000000)
  eden space 32256K, 99% used [0x00000000d6200000,0x00000000d8169740,0x00000000d8180000)
  from space 5120K, 41% used [0x00000000d8200000,0x00000000d8416a58,0x00000000d8700000)
  to   space 11264K, 0% used [0x00000000d8c80000,0x00000000d8c80000,0x00000000d9780000)
 ParOldGen       total 46080K, used 7927K [0x0000000082600000, 0x0000000085300000, 0x00000000d6200000)
  object space 46080K, 17% used [0x0000000082600000,0x0000000082dbde88,0x0000000085300000)
 Metaspace       used 21899K, capacity 22378K, committed 22448K, reserved 1069056K
  class space    used 2379K, capacity 2519K, committed 2560K, reserved 1048576K
Event: 7204.002 GC heap after
Heap after GC invocations=7 (full 1):
 PSYoungGen      total 42496K, used 1862K [0x00000000d6200000, 0x00000000d9700000, 0x0000000100000000)
  eden space 31744K, 0% used [0x00000000d6200000,0x00000000d6200000,0x00000000d8100000)
  from space 10752K, 17% used [0x00000000d8c80000,0x00000000d8e51b18,0x00000000d9700000)
  to   space 11264K, 0% used [0x00000000d8100000,0x00000000d8100000,0x00000000d8c00000)
 ParOldGen       total 46080K, used 7935K [0x0000000082600000, 0x0000000085300000, 0x00000000d6200000)
  object space 46080K, 17% used [0x0000000082600000,0x0000000082dbfe88,0x0000000085300000)
 Metaspace       used 21899K, capacity 22378K, committed 22448K, reserved 1069056K
  class space    used 2379K, capacity 2519K, committed 2560K, reserved 1048576K
}
Event: 10864.508 GC heap before
{Heap before GC invocations=8 (full 1):
 PSYoungGen      total 42496K, used 33606K [0x00000000d6200000, 0x00000000d9700000, 0x0000000100000000)
  eden space 31744K, 100% used [0x00000000d6200000,0x00000000d8100000,0x00000000d8100000)
  from space 10752K, 17% used [0x00000000d8c80000,0x00000000d8e51b18,0x00000000d9700000)
  to   space 11264K, 0% used [0x00000000d8100000,0x00000000d8100000,0x00000000d8c00000)
 ParOldGen       total 46080K, used 7935K [0x0000000082600000, 0x0000000085300000, 0x00000000d6200000)
  object space 46080K, 17% used [0x0000000082600000,0x0000000082dbfe88,0x0000000085300000)
 Metaspace       used 22005K, capacity 22570K, committed 22704K, reserved 1069056K
  class space    used 2379K, capacity 2519K, committed 2560K, reserved 1048576K
Event: 10876.554 GC heap after
Heap after GC invocations=8 (full 1):
 PSYoungGen      total 32768K, used 1483K [0x00000000d6200000, 0x00000000d9680000, 0x0000000100000000)
  eden space 31232K, 0% used [0x00000000d6200000,0x00000000d6200000,0x00000000d8080000)
  from space 1536K, 96% used [0x00000000d8100000,0x00000000d8272e00,0x00000000d8280000)
  to   space 11264K, 0% used [0x00000000d8b80000,0x00000000d8b80000,0x00000000d9680000)
 ParOldGen       total 46080K, used 7943K [0x0000000082600000, 0x0000000085300000, 0x00000000d6200000)
  object space 46080K, 17% used [0x0000000082600000,0x0000000082dc1e88,0x0000000085300000)
 Metaspace       used 22005K, capacity 22570K, committed 22704K, reserved 1069056K
  class space    used 2379K, capacity 2519K, committed 2560K, reserved 1048576K
}

